TestLB80	80	[-/-(-%)]	::1	[19/Oct/2016:06:25:56 +0200]	OPTIONS	*		HTTP/1.0	200	0	"-"	"Apache/2.4.7 (Ubuntu) OpenSSL/1.0.1f (internal dummy connection)"	-	-	-	-	-	-	-	-	-	-	-	-	-	47
TestLB80	80	[-/-(-%)]	::1	[19/Oct/2016:06:25:56 +0200]	OPTIONS	*		HTTP/1.0	200	0	"-"	"Apache/2.4.7 (Ubuntu) OpenSSL/1.0.1f (internal dummy connection)"	-	-	-	-	-	-	-	-	-	-	-	-	-	151
TestLB80	80	[-/-(-%)]	::1	[19/Oct/2016:06:25:56 +0200]	OPTIONS	*		HTTP/1.0	200	0	"-"	"Apache/2.4.7 (Ubuntu) OpenSSL/1.0.1f (internal dummy connection)"	-	-	-	-	-	-	-	-	-	-	-	-	-	49
TestLB80	80	[-/-(-%)]	::1	[19/Oct/2016:06:25:56 +0200]	OPTIONS	*		HTTP/1.0	200	0	"-"	"Apache/2.4.7 (Ubuntu) OpenSSL/1.0.1f (internal dummy connection)"	-	-	-	-	-	-	-	-	-	-	-	-	-	52
TestLB80	80	[-/-(-%)]	::1	[19/Oct/2016:06:25:56 +0200]	OPTIONS	*		HTTP/1.0	200	0	"-"	"Apache/2.4.7 (Ubuntu) OpenSSL/1.0.1f (internal dummy connection)"	-	-	-	-	-	-	-	-	-	-	-	-	-	50
TestLB80	80	[-/-(-%)]	::1	[19/Oct/2016:06:25:56 +0200]	OPTIONS	*		HTTP/1.0	200	0	"-"	"Apache/2.4.7 (Ubuntu) OpenSSL/1.0.1f (internal dummy connection)"	-	-	-	-	-	-	-	-	-	-	-	-	-	52
TestLB80	80	[-/-(-%)]	::1	[19/Oct/2016:06:25:56 +0200]	OPTIONS	*		HTTP/1.0	200	0	"-"	"Apache/2.4.7 (Ubuntu) OpenSSL/1.0.1f (internal dummy connection)"	-	-	-	-	-	-	-	-	-	-	-	-	-	50
TestLB80	80	[-/-(-%)]	::1	[19/Oct/2016:06:25:56 +0200]	OPTIONS	*		HTTP/1.0	200	0	"-"	"Apache/2.4.7 (Ubuntu) OpenSSL/1.0.1f (internal dummy connection)"	-	-	-	-	-	-	-	-	-	-	-	-	-	49
TestLB80	80	[-/-(-%)]	::1	[19/Oct/2016:06:25:56 +0200]	OPTIONS	*		HTTP/1.0	200	0	"-"	"Apache/2.4.7 (Ubuntu) OpenSSL/1.0.1f (internal dummy connection)"	-	-	-	-	-	-	-	-	-	-	-	-	-	48
TestLB80	80	[-/-(-%)]	::1	[19/Oct/2016:06:25:56 +0200]	OPTIONS	*		HTTP/1.0	200	0	"-"	"Apache/2.4.7 (Ubuntu) OpenSSL/1.0.1f (internal dummy connection)"	-	-	-	-	-	-	-	-	-	-	-	-	-	48
TestLB80	80	[-/-(-%)]	::1	[19/Oct/2016:06:25:56 +0200]	OPTIONS	*		HTTP/1.0	200	0	"-"	"Apache/2.4.7 (Ubuntu) OpenSSL/1.0.1f (internal dummy connection)"	-	-	-	-	-	-	-	-	-	-	-	-	-	48
TestLB80	80	[-/-(-%)]	::1	[19/Oct/2016:06:25:56 +0200]	OPTIONS	*		HTTP/1.0	200	0	"-"	"Apache/2.4.7 (Ubuntu) OpenSSL/1.0.1f (internal dummy connection)"	-	-	-	-	-	-	-	-	-	-	-	-	-	48
TestLB80	80	[-/-(-%)]	::1	[19/Oct/2016:06:25:56 +0200]	OPTIONS	*		HTTP/1.0	200	0	"-"	"Apache/2.4.7 (Ubuntu) OpenSSL/1.0.1f (internal dummy connection)"	-	-	-	-	-	-	-	-	-	-	-	-	-	47
TestLB80	80	[-/-(-%)]	::1	[19/Oct/2016:06:25:56 +0200]	OPTIONS	*		HTTP/1.0	200	0	"-"	"Apache/2.4.7 (Ubuntu) OpenSSL/1.0.1f (internal dummy connection)"	-	-	-	-	-	-	-	-	-	-	-	-	-	48
TestLB80	80	[-/-(-%)]	::1	[19/Oct/2016:06:25:56 +0200]	OPTIONS	*		HTTP/1.0	200	0	"-"	"Apache/2.4.7 (Ubuntu) OpenSSL/1.0.1f (internal dummy connection)"	-	-	-	-	-	-	-	-	-	-	-	-	-	47
TestLB80	80	[-/-(-%)]	::1	[19/Oct/2016:06:25:56 +0200]	OPTIONS	*		HTTP/1.0	200	0	"-"	"Apache/2.4.7 (Ubuntu) OpenSSL/1.0.1f (internal dummy connection)"	-	-	-	-	-	-	-	-	-	-	-	-	-	48
TestLB80	80	[-/-(-%)]	::1	[19/Oct/2016:06:25:56 +0200]	OPTIONS	*		HTTP/1.0	200	0	"-"	"Apache/2.4.7 (Ubuntu) OpenSSL/1.0.1f (internal dummy connection)"	-	-	-	-	-	-	-	-	-	-	-	-	-	47
TestLB80	80	[-/-(-%)]	::1	[19/Oct/2016:06:25:56 +0200]	OPTIONS	*		HTTP/1.0	200	0	"-"	"Apache/2.4.7 (Ubuntu) OpenSSL/1.0.1f (internal dummy connection)"	-	-	-	-	-	-	-	-	-	-	-	-	-	48
TestLB80	80	[-/-(-%)]	::1	[19/Oct/2016:06:25:56 +0200]	OPTIONS	*		HTTP/1.0	200	0	"-"	"Apache/2.4.7 (Ubuntu) OpenSSL/1.0.1f (internal dummy connection)"	-	-	-	-	-	-	-	-	-	-	-	-	-	56
TestLB80	80	[-/-(-%)]	::1	[19/Oct/2016:06:25:56 +0200]	OPTIONS	*		HTTP/1.0	200	0	"-"	"Apache/2.4.7 (Ubuntu) OpenSSL/1.0.1f (internal dummy connection)"	-	-	-	-	-	-	-	-	-	-	-	-	-	48
TestLB80	80	[-/-(-%)]	::1	[19/Oct/2016:06:25:56 +0200]	OPTIONS	*		HTTP/1.0	200	0	"-"	"Apache/2.4.7 (Ubuntu) OpenSSL/1.0.1f (internal dummy connection)"	-	-	-	-	-	-	-	-	-	-	-	-	-	48
TestLB80	80	[-/-(-%)]	::1	[19/Oct/2016:06:25:56 +0200]	OPTIONS	*		HTTP/1.0	200	0	"-"	"Apache/2.4.7 (Ubuntu) OpenSSL/1.0.1f (internal dummy connection)"	-	-	-	-	-	-	-	-	-	-	-	-	-	48
TestLB80	80	[-/-(-%)]	::1	[19/Oct/2016:06:25:56 +0200]	OPTIONS	*		HTTP/1.0	200	0	"-"	"Apache/2.4.7 (Ubuntu) OpenSSL/1.0.1f (internal dummy connection)"	-	-	-	-	-	-	-	-	-	-	-	-	-	47
TestLB80	80	[-/-(-%)]	::1	[19/Oct/2016:06:25:56 +0200]	OPTIONS	*		HTTP/1.0	200	0	"-"	"Apache/2.4.7 (Ubuntu) OpenSSL/1.0.1f (internal dummy connection)"	-	-	-	-	-	-	-	-	-	-	-	-	-	48
TestLB80	80	[-/-(-%)]	::1	[19/Oct/2016:06:25:56 +0200]	OPTIONS	*		HTTP/1.0	200	0	"-"	"Apache/2.4.7 (Ubuntu) OpenSSL/1.0.1f (internal dummy connection)"	-	-	-	-	-	-	-	-	-	-	-	-	-	47
TestLB80	80	[-/-(-%)]	::1	[19/Oct/2016:06:25:56 +0200]	OPTIONS	*		HTTP/1.0	200	0	"-"	"Apache/2.4.7 (Ubuntu) OpenSSL/1.0.1f (internal dummy connection)"	-	-	-	-	-	-	-	-	-	-	-	-	-	47
TestLB80	80	[-/-(-%)]	::1	[19/Oct/2016:06:25:56 +0200]	OPTIONS	*		HTTP/1.0	200	0	"-"	"Apache/2.4.7 (Ubuntu) OpenSSL/1.0.1f (internal dummy connection)"	-	-	-	-	-	-	-	-	-	-	-	-	-	47
TestLB80	80	[-/-(-%)]	::1	[19/Oct/2016:06:25:56 +0200]	OPTIONS	*		HTTP/1.0	200	0	"-"	"Apache/2.4.7 (Ubuntu) OpenSSL/1.0.1f (internal dummy connection)"	-	-	-	-	-	-	-	-	-	-	-	-	-	48
TestLB80	80	[-/-(-%)]	::1	[19/Oct/2016:06:25:56 +0200]	OPTIONS	*		HTTP/1.0	200	0	"-"	"Apache/2.4.7 (Ubuntu) OpenSSL/1.0.1f (internal dummy connection)"	-	-	-	-	-	-	-	-	-	-	-	-	-	47
TestLB80	80	[-/-(-%)]	::1	[19/Oct/2016:06:25:56 +0200]	OPTIONS	*		HTTP/1.0	200	0	"-"	"Apache/2.4.7 (Ubuntu) OpenSSL/1.0.1f (internal dummy connection)"	-	-	-	-	-	-	-	-	-	-	-	-	-	48
TestLB80	80	[-/-(-%)]	::1	[19/Oct/2016:06:25:56 +0200]	OPTIONS	*		HTTP/1.0	200	0	"-"	"Apache/2.4.7 (Ubuntu) OpenSSL/1.0.1f (internal dummy connection)"	-	-	-	-	-	-	-	-	-	-	-	-	-	48
TestLB80	80	[-/-(-%)]	::1	[19/Oct/2016:06:25:56 +0200]	OPTIONS	*		HTTP/1.0	200	0	"-"	"Apache/2.4.7 (Ubuntu) OpenSSL/1.0.1f (internal dummy connection)"	-	-	-	-	-	-	-	-	-	-	-	-	-	48
TestLB80	80	[-/-(-%)]	::1	[19/Oct/2016:06:25:56 +0200]	OPTIONS	*		HTTP/1.0	200	0	"-"	"Apache/2.4.7 (Ubuntu) OpenSSL/1.0.1f (internal dummy connection)"	-	-	-	-	-	-	-	-	-	-	-	-	-	47
TestLB80	80	[-/-(-%)]	::1	[19/Oct/2016:06:25:56 +0200]	OPTIONS	*		HTTP/1.0	200	0	"-"	"Apache/2.4.7 (Ubuntu) OpenSSL/1.0.1f (internal dummy connection)"	-	-	-	-	-	-	-	-	-	-	-	-	-	47
TestLB80	80	[-/-(-%)]	::1	[19/Oct/2016:06:25:56 +0200]	OPTIONS	*		HTTP/1.0	200	0	"-"	"Apache/2.4.7 (Ubuntu) OpenSSL/1.0.1f (internal dummy connection)"	-	-	-	-	-	-	-	-	-	-	-	-	-	47
TestLB80	80	[-/-(-%)]	::1	[19/Oct/2016:06:25:56 +0200]	OPTIONS	*		HTTP/1.0	200	0	"-"	"Apache/2.4.7 (Ubuntu) OpenSSL/1.0.1f (internal dummy connection)"	-	-	-	-	-	-	-	-	-	-	-	-	-	47
TestLB80	80	[-/-(-%)]	::1	[19/Oct/2016:06:25:56 +0200]	OPTIONS	*		HTTP/1.0	200	0	"-"	"Apache/2.4.7 (Ubuntu) OpenSSL/1.0.1f (internal dummy connection)"	-	-	-	-	-	-	-	-	-	-	-	-	-	47
TestLB80	80	[-/-(-%)]	::1	[19/Oct/2016:06:25:56 +0200]	OPTIONS	*		HTTP/1.0	200	0	"-"	"Apache/2.4.7 (Ubuntu) OpenSSL/1.0.1f (internal dummy connection)"	-	-	-	-	-	-	-	-	-	-	-	-	-	47
TestLB80	80	[-/-(-%)]	::1	[19/Oct/2016:06:25:56 +0200]	OPTIONS	*		HTTP/1.0	200	0	"-"	"Apache/2.4.7 (Ubuntu) OpenSSL/1.0.1f (internal dummy connection)"	-	-	-	-	-	-	-	-	-	-	-	-	-	47
TestLB80	80	[-/-(-%)]	::1	[19/Oct/2016:06:25:56 +0200]	OPTIONS	*		HTTP/1.0	200	0	"-"	"Apache/2.4.7 (Ubuntu) OpenSSL/1.0.1f (internal dummy connection)"	-	-	-	-	-	-	-	-	-	-	-	-	-	49
TestLB80	80	[-/-(-%)]	::1	[19/Oct/2016:06:25:56 +0200]	OPTIONS	*		HTTP/1.0	200	0	"-"	"Apache/2.4.7 (Ubuntu) OpenSSL/1.0.1f (internal dummy connection)"	-	-	-	-	-	-	-	-	-	-	-	-	-	47
TestLB80	80	[-/-(-%)]	::1	[19/Oct/2016:06:25:56 +0200]	OPTIONS	*		HTTP/1.0	200	0	"-"	"Apache/2.4.7 (Ubuntu) OpenSSL/1.0.1f (internal dummy connection)"	-	-	-	-	-	-	-	-	-	-	-	-	-	47
TestLB80	80	[-/-(-%)]	::1	[19/Oct/2016:06:25:56 +0200]	OPTIONS	*		HTTP/1.0	200	0	"-"	"Apache/2.4.7 (Ubuntu) OpenSSL/1.0.1f (internal dummy connection)"	-	-	-	-	-	-	-	-	-	-	-	-	-	47
cdn0.test.com	80	[693/1999(34%)]	109.152.135.126	[19/Oct/2016:06:25:56 +0200]	GET	/libs/shadowbox/shadowbox.css		HTTP/1.1	200	711	"http://www.test.com/en/testingstep1/?step=1&home=http%3A%2F%2Fwww.test.com%2F"	"Mozilla/5.0 (Windows NT 10.0; Win64; x64) AppleWebKit/537.36 (KHTML, like Gecko) Chrome/51.0.2704.79 Safari/537.36 Edge/14.14393"	__cfduid=d5b8f34b2723741cecb0ece8d2d5517131476851110	en-US,en;q=0.5	-	gzip	gzip	-	Accept-Encoding	text/css	-	-	-	-	-	530
cdn0.test.com	80	[19485/65991(29%)]	174.221.49.115	[19/Oct/2016:06:25:56 +0200]	GET	/libs/shadowbox/en.js		HTTP/1.1	200	19503	"http://www.test.com/en/testingstep1/?step=1&home=http%3A%2F%2Fwww.test.com%2F"	"Mozilla/5.0 (Windows NT 10.0; Win64; x64) AppleWebKit/537.36 (KHTML, like Gecko) Chrome/51.0.2704.79 Safari/537.36 Edge/14.14393"	__cfduid=d5b8f34b2723741cecb0ece8d2d5517131476851110	en-US,en;q=0.5	-	gzip	gzip	-	Accept-Encoding	application/javascript	-	-	-	-	-	5549
reservation.test.com	443	[-/-(-%)]	2.149.156.78	[19/Oct/2016:06:25:56 +0200]	GET	/TEST/json/get_logo_company	?idtestprovider=100212144	HTTP/1.1	200	8224	"-"	"Mozilla/4.0 (compatible; MSIE 7.0; Windows NT 6.1; WOW64; Trident/7.0; SLCC2; .NET CLR 2.0.50727; .NET CLR 3.5.30729; .NET CLR 3.0.30729; Media Center PC 6.0; .NET4.0C; .NET4.0E; CMDTDFJS; InfoPath.2; MSOffice 12)"	SESSION=defc91a5-1ac9-4998-a0d4-7c49d0c0cfa0; ROUTEID=.jtest1	-	-	gzip, deflate	-	-	-	image/gif	ROUTEID	jtest1	-	jtest1	-	6525
reservation.test.com	443	[-/-(-%)]	210.83.124.136	[19/Oct/2016:06:25:56 +0200]	GET	/TestWebService/offer/t1es3t5/	?ip=217.45.12.98	HTTP/1.1	200	5123	"-"	"WordPress/4.1.12; http://www.test.com/en"	-	es	-	deflate;q=1.0, compress;q=0.5, gzip;q=0.5	-	-	-	application/json	-	-	-	jtest2	-	148914
js.test.com	80	[1761/7389(23%)]	69.133.114.120	[19/Oct/2016:06:25:56 +0200]	GET	/revalidate/testLine.css		HTTP/1.1	200	1779	"http://www.test.com/en/testingstep1/?step=1&home=http%3A%2F%2Fwww.test.com%2F"	"Mozilla/5.0 (Windows NT 10.0; Win64; x64) AppleWebKit/537.36 (KHTML, like Gecko) Chrome/51.0.2704.79 Safari/537.36 Edge/14.14393"	__cfduid=d5b8f34b2723741cecb0ece8d2d5517131476851110	en-US,en;q=0.5	-	gzip, deflate	gzip	-	Accept-Encoding	text/css	-	-	-	-	-	949
api.test.com	443	[-/-(-%)]	210.122.224.120	[19/Oct/2016:06:25:57 +0200]	POST	/Test/integration/testingv3/company_availability		HTTP/1.1	200	839	"-"	"TestingCrawler/1.0 (http://www.test.com)"	-	-	-	-	-	-	-	application/json	-	-	-	jtest2	-	137575
api.test.com	443	[-/-(-%)]	209.96.126.243	[19/Oct/2016:06:25:57 +0200]	GET	/TestService/availableTest/gets	?companyIds=1002424343&device=DESKTOP_TABLET&numTest=1	HTTP/1.1	200	13446	"-"	"Mozilla/4.0 (compatible; MSIE 7.0; Windows NT 6.2; WOW64; Trident/6.0; .NET4.0E; .NET4.0C; InfoPath.2)"	-	-	-	gzip,deflate	-	-	-	application/json	-	-	-	jtest2	-	158337
